2025-04-13 10:53:39.621 [restartedMain] INFO  com.shanzhu.tourism.BackendApplication - Starting BackendApplication using Java 1.8.0_131 on LAPTOP-RAMQN7UR with PID 9796 (C:\Users\lenovo\Desktop\旅游推荐系统\源代码\backend-Api\target\classes started by lenovo in C:\Users\lenovo\Desktop\旅游推荐系统\源代码\backend-Api)
2025-04-13 10:53:39.626 [restartedMain] INFO  com.shanzhu.tourism.BackendApplication - The following profiles are active: dev
2025-04-13 10:53:39.675 [restartedMain] INFO  o.s.b.d.env.DevToolsPropertyDefaultsPostProcessor - Devtools property defaults active! Set 'spring.devtools.add-properties' to 'false' to disable
2025-04-13 10:53:39.675 [restartedMain] INFO  o.s.b.d.env.DevToolsPropertyDefaultsPostProcessor - For additional web related logging consider setting the 'logging.level.web' property to 'DEBUG'
2025-04-13 10:53:40.865 [restartedMain] INFO  o.s.d.r.config.RepositoryConfigurationDelegate - Multiple Spring Data modules found, entering strict repository configuration mode!
2025-04-13 10:53:40.867 [restartedMain] INFO  o.s.d.r.config.RepositoryConfigurationDelegate - Bootstrapping Spring Data Redis repositories in DEFAULT mode.
2025-04-13 10:53:40.914 [restartedMain] INFO  o.s.d.r.config.RepositoryConfigurationDelegate - Finished Spring Data repository scanning in 35 ms. Found 0 Redis repository interfaces.
2025-04-13 10:53:41.413 [restartedMain] INFO  o.s.boot.web.embedded.tomcat.TomcatWebServer - Tomcat initialized with port(s): 8080 (http)
2025-04-13 10:53:41.421 [restartedMain] INFO  org.apache.coyote.http11.Http11NioProtocol - Initializing ProtocolHandler ["http-nio-8080"]
2025-04-13 10:53:41.422 [restartedMain] INFO  org.apache.catalina.core.StandardService - Starting service [Tomcat]
2025-04-13 10:53:41.422 [restartedMain] INFO  org.apache.catalina.core.StandardEngine - Starting Servlet engine: [Apache Tomcat/9.0.41]
2025-04-13 10:53:41.495 [restartedMain] INFO  o.a.c.core.ContainerBase.[Tomcat].[localhost].[/] - Initializing Spring embedded WebApplicationContext
2025-04-13 10:53:41.495 [restartedMain] INFO  o.s.b.w.s.c.ServletWebServerApplicationContext - Root WebApplicationContext: initialization completed in 1820 ms
2025-04-13 10:53:41.823 [restartedMain] INFO  c.a.d.s.b.a.DruidDataSourceAutoConfigure - Init DruidDataSource
2025-04-13 10:53:42.502 [restartedMain] INFO  com.alibaba.druid.pool.DruidDataSource - {dataSource-1} inited
2025-04-13 10:53:43.581 [restartedMain] INFO  o.s.scheduling.concurrent.ThreadPoolTaskExecutor - Initializing ExecutorService 'applicationTaskExecutor'
2025-04-13 10:53:43.815 [restartedMain] INFO  o.s.b.d.autoconfigure.OptionalLiveReloadServer - LiveReload server is running on port 35729
2025-04-13 10:53:43.841 [restartedMain] INFO  org.apache.coyote.http11.Http11NioProtocol - Starting ProtocolHandler ["http-nio-8080"]
2025-04-13 10:53:43.860 [restartedMain] INFO  o.s.boot.web.embedded.tomcat.TomcatWebServer - Tomcat started on port(s): 8080 (http) with context path ''
2025-04-13 10:53:43.868 [restartedMain] INFO  com.shanzhu.tourism.BackendApplication - Started BackendApplication in 4.678 seconds (JVM running for 6.567)
2025-04-13 10:53:43.870 [restartedMain] INFO  com.shanzhu.tourism.BackendApplication - =====================项目后端启动成功============================
2025-04-13 10:54:04.222 [http-nio-8080-exec-1] INFO  o.a.c.core.ContainerBase.[Tomcat].[localhost].[/] - Initializing Spring DispatcherServlet 'dispatcherServlet'
2025-04-13 10:54:04.223 [http-nio-8080-exec-1] INFO  org.springframework.web.servlet.DispatcherServlet - Initializing Servlet 'dispatcherServlet'
2025-04-13 10:54:04.225 [http-nio-8080-exec-1] INFO  org.springframework.web.servlet.DispatcherServlet - Completed initialization in 2 ms
2025-04-13 11:06:33.092 [http-nio-8080-exec-67] INFO  com.shanzhu.tourism.handle.MyMetaObjectHandler - 公共字段自动填充[update]...
2025-04-13 11:09:24.768 [http-nio-8080-exec-82] INFO  com.shanzhu.tourism.handle.MyMetaObjectHandler - 公共字段自动填充[update]...
2025-04-13 11:11:19.501 [http-nio-8080-exec-95] INFO  com.shanzhu.tourism.handle.MyMetaObjectHandler - 公共字段自动填充[update]...
2025-04-13 11:13:06.805 [http-nio-8080-exec-7] INFO  com.shanzhu.tourism.handle.MyMetaObjectHandler - 公共字段自动填充[update]...
2025-04-13 11:15:41.648 [http-nio-8080-exec-20] INFO  com.shanzhu.tourism.handle.MyMetaObjectHandler - 公共字段自动填充[update]...
2025-04-13 11:18:34.835 [http-nio-8080-exec-38] INFO  com.shanzhu.tourism.handle.MyMetaObjectHandler - 公共字段自动填充[update]...
2025-04-13 11:20:20.375 [http-nio-8080-exec-41] INFO  com.shanzhu.tourism.handle.MyMetaObjectHandler - 公共字段自动填充[update]...
2025-04-13 11:21:37.083 [http-nio-8080-exec-40] INFO  com.shanzhu.tourism.handle.MyMetaObjectHandler - 公共字段自动填充[update]...
2025-04-13 11:34:20.102 [http-nio-8080-exec-16] INFO  com.shanzhu.tourism.handle.MyMetaObjectHandler - 公共字段自动填充[insert]...
2025-04-13 11:37:26.819 [http-nio-8080-exec-28] INFO  com.shanzhu.tourism.handle.MyMetaObjectHandler - 公共字段自动填充[insert]...
2025-04-13 11:40:48.665 [http-nio-8080-exec-37] INFO  com.shanzhu.tourism.handle.MyMetaObjectHandler - 公共字段自动填充[insert]...
2025-04-13 11:43:10.870 [http-nio-8080-exec-58] INFO  com.shanzhu.tourism.handle.MyMetaObjectHandler - 公共字段自动填充[insert]...
2025-04-13 11:45:34.981 [http-nio-8080-exec-62] INFO  com.shanzhu.tourism.handle.MyMetaObjectHandler - 公共字段自动填充[insert]...
2025-04-13 11:48:15.986 [http-nio-8080-exec-90] INFO  com.shanzhu.tourism.handle.MyMetaObjectHandler - 公共字段自动填充[insert]...
2025-04-13 11:51:33.366 [http-nio-8080-exec-3] INFO  com.shanzhu.tourism.handle.MyMetaObjectHandler - 公共字段自动填充[insert]...
2025-04-13 11:51:43.935 [http-nio-8080-exec-4] INFO  com.shanzhu.tourism.handle.MyMetaObjectHandler - 公共字段自动填充[insert]...
2025-04-13 11:53:08.767 [http-nio-8080-exec-16] INFO  com.shanzhu.tourism.handle.MyMetaObjectHandler - 公共字段自动填充[insert]...
2025-04-13 11:57:29.660 [http-nio-8080-exec-27] INFO  com.shanzhu.tourism.handle.MyMetaObjectHandler - 公共字段自动填充[insert]...
2025-04-13 12:02:01.393 [http-nio-8080-exec-45] INFO  com.shanzhu.tourism.handle.MyMetaObjectHandler - 公共字段自动填充[insert]...
2025-04-13 12:14:23.206 [http-nio-8080-exec-88] INFO  com.shanzhu.tourism.handle.MyMetaObjectHandler - 公共字段自动填充[update]...
2025-04-13 12:14:46.263 [http-nio-8080-exec-95] INFO  com.shanzhu.tourism.handle.MyMetaObjectHandler - 公共字段自动填充[update]...
2025-04-13 12:15:00.440 [http-nio-8080-exec-96] INFO  com.shanzhu.tourism.handle.MyMetaObjectHandler - 公共字段自动填充[update]...
2025-04-13 12:15:13.988 [http-nio-8080-exec-98] INFO  com.shanzhu.tourism.handle.MyMetaObjectHandler - 公共字段自动填充[update]...
2025-04-13 12:15:32.169 [http-nio-8080-exec-99] INFO  com.shanzhu.tourism.handle.MyMetaObjectHandler - 公共字段自动填充[update]...
2025-04-13 12:15:32.377 [http-nio-8080-exec-84] INFO  com.shanzhu.tourism.handle.MyMetaObjectHandler - 公共字段自动填充[update]...
2025-04-13 12:15:32.568 [http-nio-8080-exec-2] INFO  com.shanzhu.tourism.handle.MyMetaObjectHandler - 公共字段自动填充[update]...
2025-04-13 12:15:33.072 [http-nio-8080-exec-3] INFO  com.shanzhu.tourism.handle.MyMetaObjectHandler - 公共字段自动填充[update]...
2025-04-13 12:15:33.232 [http-nio-8080-exec-4] INFO  com.shanzhu.tourism.handle.MyMetaObjectHandler - 公共字段自动填充[update]...
2025-04-13 12:16:56.799 [http-nio-8080-exec-5] INFO  com.shanzhu.tourism.handle.MyMetaObjectHandler - 公共字段自动填充[update]...
2025-04-13 12:17:09.429 [http-nio-8080-exec-11] INFO  com.shanzhu.tourism.handle.MyMetaObjectHandler - 公共字段自动填充[update]...
2025-04-13 12:17:15.799 [http-nio-8080-exec-12] INFO  com.shanzhu.tourism.handle.MyMetaObjectHandler - 公共字段自动填充[update]...
2025-04-13 12:18:06.540 [http-nio-8080-exec-10] INFO  com.shanzhu.tourism.handle.MyMetaObjectHandler - 公共字段自动填充[update]...
2025-04-13 12:19:07.389 [http-nio-8080-exec-22] INFO  com.shanzhu.tourism.handle.MyMetaObjectHandler - 公共字段自动填充[update]...
2025-04-13 12:24:39.725 [http-nio-8080-exec-38] INFO  com.shanzhu.tourism.handle.MyMetaObjectHandler - 公共字段自动填充[insert]...
2025-04-13 12:25:46.701 [http-nio-8080-exec-36] INFO  com.shanzhu.tourism.handle.MyMetaObjectHandler - 公共字段自动填充[update]...
2025-04-13 12:26:16.771 [http-nio-8080-exec-43] INFO  com.shanzhu.tourism.handle.MyMetaObjectHandler - 公共字段自动填充[update]...
2025-04-13 12:32:10.363 [http-nio-8080-exec-66] INFO  com.shanzhu.tourism.handle.MyMetaObjectHandler - 公共字段自动填充[insert]...
2025-04-13 12:34:34.779 [http-nio-8080-exec-65] INFO  com.shanzhu.tourism.handle.MyMetaObjectHandler - 公共字段自动填充[insert]...
2025-04-13 12:34:50.934 [http-nio-8080-exec-71] INFO  com.shanzhu.tourism.handle.MyMetaObjectHandler - 公共字段自动填充[insert]...
2025-04-13 12:36:03.364 [http-nio-8080-exec-69] INFO  com.shanzhu.tourism.handle.MyMetaObjectHandler - 公共字段自动填充[insert]...
2025-04-13 16:09:48.508 [restartedMain] INFO  com.shanzhu.tourism.BackendApplication - Starting BackendApplication using Java 1.8.0_131 on LAPTOP-RAMQN7UR with PID 57156 (C:\Users\lenovo\Desktop\旅游推荐系统\源代码\backend-Api\target\classes started by lenovo in C:\Users\lenovo\Desktop\旅游推荐系统\源代码\backend-Api)
2025-04-13 16:09:48.510 [restartedMain] INFO  com.shanzhu.tourism.BackendApplication - The following profiles are active: dev
2025-04-13 16:09:48.552 [restartedMain] INFO  o.s.b.d.env.DevToolsPropertyDefaultsPostProcessor - Devtools property defaults active! Set 'spring.devtools.add-properties' to 'false' to disable
2025-04-13 16:09:48.552 [restartedMain] INFO  o.s.b.d.env.DevToolsPropertyDefaultsPostProcessor - For additional web related logging consider setting the 'logging.level.web' property to 'DEBUG'
2025-04-13 16:09:49.654 [restartedMain] INFO  o.s.d.r.config.RepositoryConfigurationDelegate - Multiple Spring Data modules found, entering strict repository configuration mode!
2025-04-13 16:09:49.656 [restartedMain] INFO  o.s.d.r.config.RepositoryConfigurationDelegate - Bootstrapping Spring Data Redis repositories in DEFAULT mode.
2025-04-13 16:09:49.701 [restartedMain] INFO  o.s.d.r.config.RepositoryConfigurationDelegate - Finished Spring Data repository scanning in 32 ms. Found 0 Redis repository interfaces.
2025-04-13 16:09:50.175 [restartedMain] INFO  o.s.boot.web.embedded.tomcat.TomcatWebServer - Tomcat initialized with port(s): 8080 (http)
2025-04-13 16:09:50.184 [restartedMain] INFO  org.apache.coyote.http11.Http11NioProtocol - Initializing ProtocolHandler ["http-nio-8080"]
2025-04-13 16:09:50.185 [restartedMain] INFO  org.apache.catalina.core.StandardService - Starting service [Tomcat]
2025-04-13 16:09:50.185 [restartedMain] INFO  org.apache.catalina.core.StandardEngine - Starting Servlet engine: [Apache Tomcat/9.0.41]
2025-04-13 16:09:50.272 [restartedMain] INFO  o.a.c.core.ContainerBase.[Tomcat].[localhost].[/] - Initializing Spring embedded WebApplicationContext
2025-04-13 16:09:50.272 [restartedMain] INFO  o.s.b.w.s.c.ServletWebServerApplicationContext - Root WebApplicationContext: initialization completed in 1719 ms
2025-04-13 16:09:50.595 [restartedMain] INFO  c.a.d.s.b.a.DruidDataSourceAutoConfigure - Init DruidDataSource
2025-04-13 16:09:51.278 [restartedMain] INFO  com.alibaba.druid.pool.DruidDataSource - {dataSource-1} inited
2025-04-13 16:09:52.288 [restartedMain] INFO  o.s.scheduling.concurrent.ThreadPoolTaskExecutor - Initializing ExecutorService 'applicationTaskExecutor'
2025-04-13 16:09:52.509 [restartedMain] INFO  o.s.b.d.autoconfigure.OptionalLiveReloadServer - LiveReload server is running on port 35729
2025-04-13 16:09:52.533 [restartedMain] INFO  org.apache.coyote.http11.Http11NioProtocol - Starting ProtocolHandler ["http-nio-8080"]
2025-04-13 16:09:52.551 [restartedMain] INFO  o.s.boot.web.embedded.tomcat.TomcatWebServer - Tomcat started on port(s): 8080 (http) with context path ''
2025-04-13 16:09:52.558 [restartedMain] INFO  com.shanzhu.tourism.BackendApplication - Started BackendApplication in 4.496 seconds (JVM running for 6.279)
2025-04-13 16:09:52.561 [restartedMain] INFO  com.shanzhu.tourism.BackendApplication - =====================项目后端启动成功============================
2025-04-13 16:10:24.973 [http-nio-8080-exec-1] INFO  o.a.c.core.ContainerBase.[Tomcat].[localhost].[/] - Initializing Spring DispatcherServlet 'dispatcherServlet'
2025-04-13 16:10:24.973 [http-nio-8080-exec-1] INFO  org.springframework.web.servlet.DispatcherServlet - Initializing Servlet 'dispatcherServlet'
2025-04-13 16:10:24.975 [http-nio-8080-exec-1] INFO  org.springframework.web.servlet.DispatcherServlet - Completed initialization in 2 ms
2025-04-13 17:00:36.586 [http-nio-8080-exec-23] INFO  com.shanzhu.tourism.handle.MyMetaObjectHandler - 公共字段自动填充[update]...
2025-04-13 17:00:36.593 [http-nio-8080-exec-23] INFO  com.shanzhu.tourism.handle.MyMetaObjectHandler - 公共字段自动填充[insert]...
2025-04-13 17:01:05.210 [http-nio-8080-exec-29] INFO  com.shanzhu.tourism.handle.MyMetaObjectHandler - 公共字段自动填充[insert]...
2025-04-13 17:02:24.574 [http-nio-8080-exec-35] INFO  com.shanzhu.tourism.handle.MyMetaObjectHandler - 公共字段自动填充[update]...
2025-04-13 17:02:24.581 [http-nio-8080-exec-35] INFO  com.shanzhu.tourism.handle.MyMetaObjectHandler - 公共字段自动填充[insert]...
2025-04-13 17:02:34.657 [http-nio-8080-exec-49] INFO  com.shanzhu.tourism.handle.MyMetaObjectHandler - 公共字段自动填充[insert]...
2025-04-13 17:03:42.819 [http-nio-8080-exec-84] INFO  com.shanzhu.tourism.handle.MyMetaObjectHandler - 公共字段自动填充[update]...
2025-04-13 17:03:56.040 [http-nio-8080-exec-89] INFO  com.shanzhu.tourism.handle.MyMetaObjectHandler - 公共字段自动填充[update]...
2025-04-13 17:03:59.876 [http-nio-8080-exec-90] INFO  com.shanzhu.tourism.handle.MyMetaObjectHandler - 公共字段自动填充[update]...
2025-04-13 17:06:01.949 [http-nio-8080-exec-42] INFO  com.shanzhu.tourism.handle.MyMetaObjectHandler - 公共字段自动填充[update]...
2025-04-13 17:06:03.007 [http-nio-8080-exec-36] INFO  com.shanzhu.tourism.handle.MyMetaObjectHandler - 公共字段自动填充[update]...
2025-04-13 17:08:25.926 [http-nio-8080-exec-47] INFO  com.shanzhu.tourism.handle.MyMetaObjectHandler - 公共字段自动填充[update]...
2025-04-13 17:08:28.530 [http-nio-8080-exec-48] INFO  com.shanzhu.tourism.handle.MyMetaObjectHandler - 公共字段自动填充[update]...
2025-04-13 17:08:29.936 [http-nio-8080-exec-49] INFO  com.shanzhu.tourism.handle.MyMetaObjectHandler - 公共字段自动填充[update]...
2025-04-13 17:08:31.311 [http-nio-8080-exec-38] INFO  com.shanzhu.tourism.handle.MyMetaObjectHandler - 公共字段自动填充[update]...
2025-04-13 17:08:32.659 [http-nio-8080-exec-44] INFO  com.shanzhu.tourism.handle.MyMetaObjectHandler - 公共字段自动填充[update]...
2025-04-13 17:08:34.292 [http-nio-8080-exec-52] INFO  com.shanzhu.tourism.handle.MyMetaObjectHandler - 公共字段自动填充[update]...
2025-04-13 17:08:35.914 [http-nio-8080-exec-63] INFO  com.shanzhu.tourism.handle.MyMetaObjectHandler - 公共字段自动填充[update]...
2025-04-13 17:08:37.358 [http-nio-8080-exec-56] INFO  com.shanzhu.tourism.handle.MyMetaObjectHandler - 公共字段自动填充[update]...
2025-04-13 17:08:38.550 [http-nio-8080-exec-62] INFO  com.shanzhu.tourism.handle.MyMetaObjectHandler - 公共字段自动填充[update]...
2025-04-13 17:14:03.891 [http-nio-8080-exec-79] INFO  com.shanzhu.tourism.handle.MyMetaObjectHandler - 公共字段自动填充[update]...
2025-04-13 17:15:11.355 [http-nio-8080-exec-94] INFO  com.shanzhu.tourism.handle.MyMetaObjectHandler - 公共字段自动填充[update]...
2025-04-13 17:17:32.750 [http-nio-8080-exec-12] INFO  com.shanzhu.tourism.handle.MyMetaObjectHandler - 公共字段自动填充[update]...
2025-04-13 17:19:51.606 [http-nio-8080-exec-95] INFO  com.shanzhu.tourism.handle.MyMetaObjectHandler - 公共字段自动填充[update]...
2025-04-13 17:21:26.846 [http-nio-8080-exec-19] INFO  com.shanzhu.tourism.handle.MyMetaObjectHandler - 公共字段自动填充[update]...
2025-04-13 17:24:06.522 [http-nio-8080-exec-61] INFO  com.shanzhu.tourism.handle.MyMetaObjectHandler - 公共字段自动填充[update]...
2025-04-13 17:27:52.814 [http-nio-8080-exec-80] INFO  com.shanzhu.tourism.handle.MyMetaObjectHandler - 公共字段自动填充[update]...
2025-04-13 17:28:41.858 [http-nio-8080-exec-4] INFO  com.shanzhu.tourism.handle.MyMetaObjectHandler - 公共字段自动填充[update]...
2025-04-13 17:28:56.069 [http-nio-8080-exec-5] INFO  com.shanzhu.tourism.handle.MyMetaObjectHandler - 公共字段自动填充[update]...
2025-04-13 17:29:06.716 [http-nio-8080-exec-24] INFO  com.shanzhu.tourism.handle.MyMetaObjectHandler - 公共字段自动填充[update]...
2025-04-13 17:29:22.138 [http-nio-8080-exec-23] INFO  com.shanzhu.tourism.handle.MyMetaObjectHandler - 公共字段自动填充[update]...
2025-04-13 17:30:06.618 [http-nio-8080-exec-39] INFO  com.shanzhu.tourism.handle.MyMetaObjectHandler - 公共字段自动填充[update]...
2025-04-13 17:30:18.302 [http-nio-8080-exec-47] INFO  com.shanzhu.tourism.handle.MyMetaObjectHandler - 公共字段自动填充[update]...
2025-04-13 17:30:40.657 [http-nio-8080-exec-43] INFO  com.shanzhu.tourism.handle.MyMetaObjectHandler - 公共字段自动填充[update]...
2025-04-13 17:31:11.337 [http-nio-8080-exec-66] INFO  com.shanzhu.tourism.handle.MyMetaObjectHandler - 公共字段自动填充[update]...
2025-04-13 17:33:16.352 [http-nio-8080-exec-68] INFO  com.shanzhu.tourism.handle.MyMetaObjectHandler - 公共字段自动填充[update]...
2025-04-13 17:34:43.592 [http-nio-8080-exec-94] INFO  com.shanzhu.tourism.handle.MyMetaObjectHandler - 公共字段自动填充[update]...
2025-04-13 17:34:54.116 [http-nio-8080-exec-85] INFO  com.shanzhu.tourism.handle.MyMetaObjectHandler - 公共字段自动填充[update]...
2025-04-13 17:37:38.498 [http-nio-8080-exec-3] INFO  com.shanzhu.tourism.handle.MyMetaObjectHandler - 公共字段自动填充[update]...
2025-04-13 17:37:57.068 [http-nio-8080-exec-23] INFO  com.shanzhu.tourism.handle.MyMetaObjectHandler - 公共字段自动填充[update]...
2025-04-13 17:38:09.517 [http-nio-8080-exec-39] INFO  com.shanzhu.tourism.handle.MyMetaObjectHandler - 公共字段自动填充[update]...
2025-04-13 17:39:36.431 [http-nio-8080-exec-52] INFO  com.shanzhu.tourism.handle.MyMetaObjectHandler - 公共字段自动填充[update]...
2025-04-13 17:41:00.795 [http-nio-8080-exec-68] INFO  com.shanzhu.tourism.handle.MyMetaObjectHandler - 公共字段自动填充[update]...
2025-04-13 17:48:10.958 [http-nio-8080-exec-92] INFO  com.shanzhu.tourism.handle.MyMetaObjectHandler - 公共字段自动填充[insert]...
2025-04-13 17:48:54.238 [http-nio-8080-exec-84] INFO  com.shanzhu.tourism.handle.MyMetaObjectHandler - 公共字段自动填充[insert]...
2025-04-13 17:56:08.019 [http-nio-8080-exec-72] INFO  com.shanzhu.tourism.handle.MyMetaObjectHandler - 公共字段自动填充[insert]...
2025-04-13 17:57:03.462 [http-nio-8080-exec-76] INFO  com.shanzhu.tourism.handle.MyMetaObjectHandler - 公共字段自动填充[insert]...
2025-04-13 17:59:42.356 [http-nio-8080-exec-100] INFO  com.shanzhu.tourism.handle.MyMetaObjectHandler - 公共字段自动填充[update]...
2025-04-13 17:59:45.918 [http-nio-8080-exec-4] INFO  com.shanzhu.tourism.handle.MyMetaObjectHandler - 公共字段自动填充[update]...
2025-04-13 18:05:58.214 [http-nio-8080-exec-48] INFO  com.shanzhu.tourism.handle.MyMetaObjectHandler - 公共字段自动填充[update]...
2025-04-13 18:13:38.876 [http-nio-8080-exec-43] INFO  com.shanzhu.tourism.handle.MyMetaObjectHandler - 公共字段自动填充[insert]...
2025-04-13 18:13:52.920 [http-nio-8080-exec-52] INFO  com.shanzhu.tourism.handle.MyMetaObjectHandler - 公共字段自动填充[update]...
2025-04-13 18:18:35.046 [http-nio-8080-exec-28] INFO  com.shanzhu.tourism.handle.MyMetaObjectHandler - 公共字段自动填充[update]...
2025-04-13 18:18:42.914 [http-nio-8080-exec-21] INFO  com.shanzhu.tourism.handle.MyMetaObjectHandler - 公共字段自动填充[update]...
2025-04-13 18:20:07.711 [http-nio-8080-exec-22] INFO  com.shanzhu.tourism.handle.MyMetaObjectHandler - 公共字段自动填充[update]...
2025-04-13 18:20:57.188 [http-nio-8080-exec-39] INFO  com.shanzhu.tourism.handle.MyMetaObjectHandler - 公共字段自动填充[update]...
2025-04-13 18:21:55.594 [http-nio-8080-exec-48] INFO  com.shanzhu.tourism.handle.MyMetaObjectHandler - 公共字段自动填充[update]...
2025-04-13 18:22:58.553 [http-nio-8080-exec-43] INFO  com.shanzhu.tourism.handle.MyMetaObjectHandler - 公共字段自动填充[update]...
2025-04-13 18:23:20.115 [http-nio-8080-exec-52] INFO  com.shanzhu.tourism.handle.MyMetaObjectHandler - 公共字段自动填充[update]...
2025-04-13 18:24:01.939 [http-nio-8080-exec-73] INFO  com.shanzhu.tourism.handle.MyMetaObjectHandler - 公共字段自动填充[update]...
2025-04-13 18:24:38.600 [http-nio-8080-exec-75] INFO  com.shanzhu.tourism.handle.MyMetaObjectHandler - 公共字段自动填充[update]...
2025-04-13 18:25:58.562 [http-nio-8080-exec-1] INFO  com.shanzhu.tourism.handle.MyMetaObjectHandler - 公共字段自动填充[update]...
2025-04-13 18:26:41.316 [http-nio-8080-exec-17] INFO  com.shanzhu.tourism.handle.MyMetaObjectHandler - 公共字段自动填充[insert]...
2025-04-13 18:30:02.771 [http-nio-8080-exec-38] INFO  com.shanzhu.tourism.handle.MyMetaObjectHandler - 公共字段自动填充[update]...
2025-04-13 18:30:16.046 [http-nio-8080-exec-44] INFO  com.shanzhu.tourism.handle.MyMetaObjectHandler - 公共字段自动填充[update]...
2025-04-13 18:31:52.507 [http-nio-8080-exec-99] INFO  com.shanzhu.tourism.handle.MyMetaObjectHandler - 公共字段自动填充[update]...
2025-04-13 18:33:19.598 [http-nio-8080-exec-2] INFO  com.shanzhu.tourism.handle.MyMetaObjectHandler - 公共字段自动填充[update]...
2025-04-13 18:35:00.154 [http-nio-8080-exec-11] INFO  com.shanzhu.tourism.handle.MyMetaObjectHandler - 公共字段自动填充[update]...
2025-04-13 18:36:46.312 [http-nio-8080-exec-14] INFO  com.shanzhu.tourism.handle.MyMetaObjectHandler - 公共字段自动填充[update]...
2025-04-13 18:37:05.700 [http-nio-8080-exec-29] INFO  com.shanzhu.tourism.handle.MyMetaObjectHandler - 公共字段自动填充[update]...
2025-04-13 18:37:10.283 [http-nio-8080-exec-32] INFO  com.shanzhu.tourism.handle.MyMetaObjectHandler - 公共字段自动填充[update]...
2025-04-13 18:38:41.412 [http-nio-8080-exec-85] INFO  com.shanzhu.tourism.handle.MyMetaObjectHandler - 公共字段自动填充[insert]...
2025-04-13 18:39:20.708 [http-nio-8080-exec-24] INFO  com.shanzhu.tourism.handle.MyMetaObjectHandler - 公共字段自动填充[update]...
2025-04-13 18:39:20.711 [http-nio-8080-exec-24] INFO  com.shanzhu.tourism.handle.MyMetaObjectHandler - 公共字段自动填充[insert]...
2025-04-13 18:40:03.482 [http-nio-8080-exec-31] INFO  com.shanzhu.tourism.handle.MyMetaObjectHandler - 公共字段自动填充[insert]...
2025-04-13 18:41:34.543 [http-nio-8080-exec-82] INFO  com.shanzhu.tourism.handle.MyMetaObjectHandler - 公共字段自动填充[update]...
2025-04-13 18:41:34.545 [http-nio-8080-exec-82] INFO  com.shanzhu.tourism.handle.MyMetaObjectHandler - 公共字段自动填充[insert]...
2025-04-13 18:41:50.626 [http-nio-8080-exec-80] INFO  com.shanzhu.tourism.handle.MyMetaObjectHandler - 公共字段自动填充[insert]...
2025-04-13 18:42:32.897 [http-nio-8080-exec-25] INFO  com.shanzhu.tourism.handle.MyMetaObjectHandler - 公共字段自动填充[update]...
2025-04-13 18:42:39.750 [http-nio-8080-exec-29] INFO  com.shanzhu.tourism.handle.MyMetaObjectHandler - 公共字段自动填充[update]...
2025-04-13 18:42:44.478 [http-nio-8080-exec-33] INFO  com.shanzhu.tourism.handle.MyMetaObjectHandler - 公共字段自动填充[update]...
2025-04-13 18:42:49.540 [http-nio-8080-exec-41] INFO  com.shanzhu.tourism.handle.MyMetaObjectHandler - 公共字段自动填充[update]...
2025-04-13 18:42:53.750 [http-nio-8080-exec-45] INFO  com.shanzhu.tourism.handle.MyMetaObjectHandler - 公共字段自动填充[update]...
2025-04-13 18:44:23.170 [lettuce-nioEventLoop-4-1] INFO  io.lettuce.core.protocol.CommandHandler - null Unexpected exception during request: java.io.IOException: 远程主机强迫关闭了一个现有的连接。
java.io.IOException: 远程主机强迫关闭了一个现有的连接。
	at sun.nio.ch.SocketDispatcher.read0(Native Method)
	at sun.nio.ch.SocketDispatcher.read(SocketDispatcher.java:43)
	at sun.nio.ch.IOUtil.readIntoNativeBuffer(IOUtil.java:223)
	at sun.nio.ch.IOUtil.read(IOUtil.java:192)
	at sun.nio.ch.SocketChannelImpl.read(SocketChannelImpl.java:380)
	at io.netty.buffer.PooledByteBuf.setBytes(PooledByteBuf.java:253)
	at io.netty.buffer.AbstractByteBuf.writeBytes(AbstractByteBuf.java:1134)
	at io.netty.channel.socket.nio.NioSocketChannel.doReadBytes(NioSocketChannel.java:350)
	at io.netty.channel.nio.AbstractNioByteChannel$NioByteUnsafe.read(AbstractNioByteChannel.java:151)
	at io.netty.channel.nio.NioEventLoop.processSelectedKey(NioEventLoop.java:719)
	at io.netty.channel.nio.NioEventLoop.processSelectedKeysOptimized(NioEventLoop.java:655)
	at io.netty.channel.nio.NioEventLoop.processSelectedKeys(NioEventLoop.java:581)
	at io.netty.channel.nio.NioEventLoop.run(NioEventLoop.java:493)
	at io.netty.util.concurrent.SingleThreadEventExecutor$4.run(SingleThreadEventExecutor.java:989)
	at io.netty.util.internal.ThreadExecutorMap$2.run(ThreadExecutorMap.java:74)
	at io.netty.util.concurrent.FastThreadLocalRunnable.run(FastThreadLocalRunnable.java:30)
	at java.lang.Thread.run(Thread.java:748)
2025-04-13 18:44:23.233 [lettuce-eventExecutorLoop-1-7] INFO  io.lettuce.core.protocol.ConnectionWatchdog - Reconnecting, last destination was /127.0.0.1:6379
