2025-05-04 08:26:13.407 [restartedMain] INFO  com.shanzhu.tourism.BackendApplication - Starting BackendApplication using Java 1.8.0_131 on LAPTOP-RAMQN7UR with PID 19752 (C:\Users\lenovo\Desktop\旅游推荐系统\源代码\backend-Api\target\classes started by lenovo in C:\Users\lenovo\Desktop\旅游推荐系统\源代码\backend-Api)
2025-05-04 08:26:13.411 [restartedMain] INFO  com.shanzhu.tourism.BackendApplication - The following profiles are active: dev
2025-05-04 08:26:13.456 [restartedMain] INFO  o.s.b.d.env.DevToolsPropertyDefaultsPostProcessor - Devtools property defaults active! Set 'spring.devtools.add-properties' to 'false' to disable
2025-05-04 08:26:13.457 [restartedMain] INFO  o.s.b.d.env.DevToolsPropertyDefaultsPostProcessor - For additional web related logging consider setting the 'logging.level.web' property to 'DEBUG'
2025-05-04 08:26:14.613 [restartedMain] INFO  o.s.d.r.config.RepositoryConfigurationDelegate - Multiple Spring Data modules found, entering strict repository configuration mode!
2025-05-04 08:26:14.614 [restartedMain] INFO  o.s.d.r.config.RepositoryConfigurationDelegate - Bootstrapping Spring Data Redis repositories in DEFAULT mode.
2025-05-04 08:26:14.658 [restartedMain] INFO  o.s.d.r.config.RepositoryConfigurationDelegate - Finished Spring Data repository scanning in 34 ms. Found 0 Redis repository interfaces.
2025-05-04 08:26:15.132 [restartedMain] INFO  o.s.boot.web.embedded.tomcat.TomcatWebServer - Tomcat initialized with port(s): 8080 (http)
2025-05-04 08:26:15.139 [restartedMain] INFO  org.apache.coyote.http11.Http11NioProtocol - Initializing ProtocolHandler ["http-nio-8080"]
2025-05-04 08:26:15.140 [restartedMain] INFO  org.apache.catalina.core.StandardService - Starting service [Tomcat]
2025-05-04 08:26:15.140 [restartedMain] INFO  org.apache.catalina.core.StandardEngine - Starting Servlet engine: [Apache Tomcat/9.0.41]
2025-05-04 08:26:15.212 [restartedMain] INFO  o.a.c.core.ContainerBase.[Tomcat].[localhost].[/] - Initializing Spring embedded WebApplicationContext
2025-05-04 08:26:15.213 [restartedMain] INFO  o.s.b.w.s.c.ServletWebServerApplicationContext - Root WebApplicationContext: initialization completed in 1755 ms
2025-05-04 08:26:15.488 [restartedMain] INFO  c.a.d.s.b.a.DruidDataSourceAutoConfigure - Init DruidDataSource
2025-05-04 08:26:16.169 [restartedMain] INFO  com.alibaba.druid.pool.DruidDataSource - {dataSource-1} inited
2025-05-04 08:26:17.305 [restartedMain] INFO  o.s.scheduling.concurrent.ThreadPoolTaskExecutor - Initializing ExecutorService 'applicationTaskExecutor'
2025-05-04 08:26:17.526 [restartedMain] INFO  o.s.b.d.autoconfigure.OptionalLiveReloadServer - LiveReload server is running on port 35729
2025-05-04 08:26:17.553 [restartedMain] INFO  org.apache.coyote.http11.Http11NioProtocol - Starting ProtocolHandler ["http-nio-8080"]
2025-05-04 08:26:17.571 [restartedMain] INFO  o.s.boot.web.embedded.tomcat.TomcatWebServer - Tomcat started on port(s): 8080 (http) with context path ''
2025-05-04 08:26:17.581 [restartedMain] INFO  com.shanzhu.tourism.BackendApplication - Started BackendApplication in 4.571 seconds (JVM running for 6.415)
2025-05-04 08:26:17.583 [restartedMain] INFO  com.shanzhu.tourism.BackendApplication - =====================项目后端启动成功============================
2025-05-04 08:26:56.367 [http-nio-8080-exec-1] INFO  o.a.c.core.ContainerBase.[Tomcat].[localhost].[/] - Initializing Spring DispatcherServlet 'dispatcherServlet'
2025-05-04 08:26:56.367 [http-nio-8080-exec-1] INFO  org.springframework.web.servlet.DispatcherServlet - Initializing Servlet 'dispatcherServlet'
2025-05-04 08:26:56.368 [http-nio-8080-exec-1] INFO  org.springframework.web.servlet.DispatcherServlet - Completed initialization in 1 ms
2025-05-04 09:03:25.377 [http-nio-8080-exec-59] INFO  com.shanzhu.tourism.handle.MyMetaObjectHandler - 公共字段自动填充[insert]...
2025-05-04 10:18:03.908 [http-nio-8080-exec-46] INFO  com.shanzhu.tourism.handle.MyMetaObjectHandler - 公共字段自动填充[update]...
2025-05-04 10:18:03.913 [http-nio-8080-exec-46] INFO  com.shanzhu.tourism.handle.MyMetaObjectHandler - 公共字段自动填充[insert]...
2025-05-04 10:19:11.597 [http-nio-8080-exec-58] INFO  com.shanzhu.tourism.handle.MyMetaObjectHandler - 公共字段自动填充[insert]...
2025-05-04 10:19:56.963 [http-nio-8080-exec-96] INFO  com.shanzhu.tourism.handle.MyMetaObjectHandler - 公共字段自动填充[insert]...
2025-05-04 10:22:04.609 [http-nio-8080-exec-28] INFO  com.shanzhu.tourism.handle.MyMetaObjectHandler - 公共字段自动填充[update]...
2025-05-04 10:22:04.613 [http-nio-8080-exec-28] INFO  com.shanzhu.tourism.handle.MyMetaObjectHandler - 公共字段自动填充[insert]...
2025-05-04 10:22:13.789 [http-nio-8080-exec-43] INFO  com.shanzhu.tourism.handle.MyMetaObjectHandler - 公共字段自动填充[insert]...
2025-05-04 10:43:28.739 [lettuce-nioEventLoop-4-1] INFO  io.lettuce.core.protocol.CommandHandler - null Unexpected exception during request: java.io.IOException: 远程主机强迫关闭了一个现有的连接。
java.io.IOException: 远程主机强迫关闭了一个现有的连接。
	at sun.nio.ch.SocketDispatcher.read0(Native Method)
	at sun.nio.ch.SocketDispatcher.read(SocketDispatcher.java:43)
	at sun.nio.ch.IOUtil.readIntoNativeBuffer(IOUtil.java:223)
	at sun.nio.ch.IOUtil.read(IOUtil.java:192)
	at sun.nio.ch.SocketChannelImpl.read(SocketChannelImpl.java:380)
	at io.netty.buffer.PooledByteBuf.setBytes(PooledByteBuf.java:253)
	at io.netty.buffer.AbstractByteBuf.writeBytes(AbstractByteBuf.java:1134)
	at io.netty.channel.socket.nio.NioSocketChannel.doReadBytes(NioSocketChannel.java:350)
	at io.netty.channel.nio.AbstractNioByteChannel$NioByteUnsafe.read(AbstractNioByteChannel.java:151)
	at io.netty.channel.nio.NioEventLoop.processSelectedKey(NioEventLoop.java:719)
	at io.netty.channel.nio.NioEventLoop.processSelectedKeysOptimized(NioEventLoop.java:655)
	at io.netty.channel.nio.NioEventLoop.processSelectedKeys(NioEventLoop.java:581)
	at io.netty.channel.nio.NioEventLoop.run(NioEventLoop.java:493)
	at io.netty.util.concurrent.SingleThreadEventExecutor$4.run(SingleThreadEventExecutor.java:989)
	at io.netty.util.internal.ThreadExecutorMap$2.run(ThreadExecutorMap.java:74)
	at io.netty.util.concurrent.FastThreadLocalRunnable.run(FastThreadLocalRunnable.java:30)
	at java.lang.Thread.run(Thread.java:748)
2025-05-04 10:43:28.840 [lettuce-eventExecutorLoop-1-6] INFO  io.lettuce.core.protocol.ConnectionWatchdog - Reconnecting, last destination was /127.0.0.1:6379
